<?xml version="1.0" encoding="UTF-8"?>
<testng-results skipped="0" failed="0" ignored="0" total="1" passed="1">
  <reporter-output>
  </reporter-output>
  <suite name="Default suite" duration-ms="97" started-at="2022-05-19T11:28:21 IST" finished-at="2022-05-19T11:28:22 IST">
    <groups>
    </groups>
    <test name="Default test" duration-ms="97" started-at="2022-05-19T11:28:21 IST" finished-at="2022-05-19T11:28:22 IST">
      <class name="seleniumMethods.TestNG">
        <test-method status="PASS" signature="sample()[pri:0, instance:seleniumMethods.TestNG@4bbfb90a]" name="sample" duration-ms="11" started-at="2022-05-19T11:28:22 IST" finished-at="2022-05-19T11:28:22 IST">
          <reporter-output>
          </reporter-output>
        </test-method> <!-- sample -->
      </class> <!-- seleniumMethods.TestNG -->
    </test> <!-- Default test -->
  </suite> <!-- Default suite -->
</testng-results>
